<?xml version="1.0" encoding="UTF-8"?>
<!-- Generated by org.testng.reporters.JUnitReportReporter -->
<testsuite hostname="kamolesh" name="kk.Test1" tests="1" failures="0" timestamp="2 Mar 2014 03:33:44 GMT" time="0.172" errors="0">
  <testcase name="tet" time="0.172" classname="kk.Test1"/>
</testsuite> <!-- kk.Test1 -->
