<?xml version="1.0" encoding="UTF-8"?>
<!-- Generated by org.testng.reporters.JUnitReportReporter -->
<testsuite hostname="kamolesh" name="kk.DatabaseTest" tests="1" failures="0" timestamp="26 Feb 2014 00:47:38 GMT" time="0.219" errors="0">
  <testcase name="t" time="0.219" classname="kk.DatabaseTest"/>
</testsuite> <!-- kk.DatabaseTest -->
